<?xml version="1.0" encoding="UTF-8"?>
<coverage generated="1715177661263" clover="3.2.0">
  <project timestamp="1715177661264" name="All files">
    <metrics statements="3" coveredstatements="2" conditionals="0" coveredconditionals="0" methods="2" coveredmethods="1" elements="5" coveredelements="3" complexity="0" loc="3" ncloc="3" packages="1" files="1" classes="1"/>
    <file name="math.js" path="C:\Users\Paulina\Documents\Projects\WebDev\SD Project\Funding-Requests-Management\math.js">
      <metrics statements="3" coveredstatements="2" conditionals="0" coveredconditionals="0" methods="2" coveredmethods="1"/>
      <line num="3" count="1" type="stmt"/>
      <line num="7" count="0" type="stmt"/>
      <line num="10" count="1" type="stmt"/>
    </file>
  </project>
</coverage>
