{"C:\\Users\\Paulina\\Documents\\Projects\\WebDev\\SD Project\\Funding-Requests-Management\\math.js": {"path":"C:\\Users\\Paulina\\Documents\\Projects\\WebDev\\SD Project\\Funding-Requests-Management\\math.js","statementMap":{"0":{"start":{"line":3,"column":4},"end":{"line":3,"column":17}},"1":{"start":{"line":7,"column":2},"end":{"line":7,"column":13}},"2":{"start":{"line":10,"column":2},"end":{"line":10,"column":33}}},"fnMap":{"0":{"name":"sum","decl":{"start":{"line":2,"column":9},"end":{"line":2,"column":12}},"loc":{"start":{"line":2,"column":19},"end":{"line":4,"column":3}},"line":2},"1":{"name":"multiply","decl":{"start":{"line":6,"column":9},"end":{"line":6,"column":17}},"loc":{"start":{"line":6,"column":23},"end":{"line":8,"column":1}},"line":6}},"branchMap":{},"s":{"0":1,"1":0,"2":1},"f":{"0":1,"1":0},"b":{},"_coverageSchema":"1a1c01bbd47fc00a2c39e90264f33305004495a9","hash":"dc93b44a49a6d4b8692e21ff5d0f84fc4540e9ef"}
}
