{"C:\\Users\\Paulina\\Documents\\Projects\\WebDev\\SD Project\\Funding-Requests-Management\\math.js": {"path":"C:\\Users\\Paulina\\Documents\\Projects\\WebDev\\SD Project\\Funding-Requests-Management\\math.js","statementMap":{"0":{"start":{"line":3,"column":4},"end":{"line":3,"column":17}},"1":{"start":{"line":6,"column":2},"end":{"line":6,"column":23}}},"fnMap":{"0":{"name":"sum","decl":{"start":{"line":2,"column":9},"end":{"line":2,"column":12}},"loc":{"start":{"line":2,"column":19},"end":{"line":4,"column":3}},"line":2}},"branchMap":{},"s":{"0":1,"1":1},"f":{"0":1},"b":{},"_coverageSchema":"1a1c01bbd47fc00a2c39e90264f33305004495a9","hash":"ed6c0fbe3f1ecc69aa3a24d402bad9074e703289"}
}
